#
# There is insufficient memory for the Java Runtime Environment to continue.
# Native memory allocation (mmap) failed to map 134217728 bytes for G1 virtual space
# Possible reasons:
#   The system is out of physical RAM or swap space
#   The process is running with CompressedOops enabled, and the Java Heap may be blocking the growth of the native heap
# Possible solutions:
#   Reduce memory load on the system
#   Increase physical memory or swap space
#   Check if swap backing store is full
#   Decrease Java heap size (-Xmx/-Xms)
#   Decrease number of Java threads
#   Decrease Java thread stack sizes (-Xss)
#   Set larger code cache with -XX:ReservedCodeCacheSize=
#   JVM is running with Unscaled Compressed Oops mode in which the Java heap is
#     placed in the first 4GB address space. The Java Heap base address is the
#     maximum limit for the native heap growth. Please use -XX:HeapBaseMinAddress
#     to set the Java Heap base and to place the Java Heap above 4GB virtual address.
# This output file may be truncated or incomplete.
#
#  Out of Memory Error (os_windows.cpp:3769), pid=1908, tid=12428
#
# JRE version:  (17.0.6) (build )
# Java VM: OpenJDK 64-Bit Server VM (17.0.6+0-b2043.56-10027231, mixed mode, sharing, tiered, compressed oops, compressed class ptrs, g1 gc, windows-amd64)
# No core dump will be written. Minidumps are not enabled by default on client versions of Windows
#

---------------  S U M M A R Y ------------

Command Line: git4idea.http.GitAskPassApp Username for 'https://github.com': 

Host: Intel(R) Core(TM) i5-7400 CPU @ 3.00GHz, 4 cores, 7G,  Windows 10 , 64 bit Build 19041 (10.0.19041.3636)
Time: Tue Apr 23 21:00:19 2024  Windows 10 , 64 bit Build 19041 (10.0.19041.3636) elapsed time: 0.014433 seconds (0d 0h 0m 0s)

---------------  T H R E A D  ---------------

Current thread (0x0000021c1593c210):  JavaThread "Unknown thread" [_thread_in_vm, id=12428, stack(0x0000001dc1200000,0x0000001dc1300000)]

Stack: [0x0000001dc1200000,0x0000001dc1300000]
Native frames: (J=compiled Java code, j=interpreted, Vv=VM code, C=native code)
V  [jvm.dll+0x683c9a]
V  [jvm.dll+0x8427a4]
V  [jvm.dll+0x843f9e]
V  [jvm.dll+0x844603]
V  [jvm.dll+0x249b75]
V  [jvm.dll+0x680b69]
V  [jvm.dll+0x67505a]
V  [jvm.dll+0x309acb]
V  [jvm.dll+0x310f86]
V  [jvm.dll+0x3608ee]
V  [jvm.dll+0x360b1f]
V  [jvm.dll+0x2dfbf8]
V  [jvm.dll+0x2e0b64]
V  [jvm.dll+0x814091]
V  [jvm.dll+0x36e6a1]
V  [jvm.dll+0x7f35cc]
V  [jvm.dll+0x3f0e8f]
V  [jvm.dll+0x3f29d1]
C  [jli.dll+0x526b]
C  [ucrtbase.dll+0x21bb2]
C  [KERNEL32.DLL+0x17344]
C  [ntdll.dll+0x526b1]


---------------  P R O C E S S  ---------------

Threads class SMR info:
_java_thread_list=0x00007ff82a2cc058, length=0, elements={
}

Java Threads: ( => current thread )

Other Threads:
  0x0000021c17aef0c0 GCTaskThread "GC Thread#0" [stack: 0x0000001dc1300000,0x0000001dc1400000] [id=10524]
  0x0000021c17b00e20 ConcurrentGCThread "G1 Main Marker" [stack: 0x0000001dc1400000,0x0000001dc1500000] [id=1340]
  0x0000021c17b01ee0 ConcurrentGCThread "G1 Conc#0" [stack: 0x0000001dc1500000,0x0000001dc1600000] [id=2156]

[error occurred during error reporting (printing all threads), id 0xc0000005, EXCEPTION_ACCESS_VIOLATION (0xc0000005) at pc=0x00007ff829a80797]

VM state: not at safepoint (not fully initialized)

VM Mutex/Monitor currently owned by a thread:  ([mutex/lock_event])
[0x0000021c17a94410] Heap_lock - owner thread: 0x0000021c1593c210

Heap address: 0x0000000080800000, size: 2040 MB, Compressed Oops mode: 32-bit

CDS archive(s) mapped at: [0x0000000000000000-0x0000000000000000-0x0000000000000000), size 0, SharedBaseAddress: 0x0000000800000000, ArchiveRelocationMode: 0.
Narrow klass base: 0x0000000000000000, Narrow klass shift: 0, Narrow klass range: 0x0

GC Precious Log:
<Empty>

Heap:
 garbage-first heap   total 0K, used 0K [0x0000000080800000, 0x0000000100000000)
  region size 1024K, 0 young (0K), 0 survivors (0K)

[error occurred during error reporting (printing heap information), id 0xc0000005, EXCEPTION_ACCESS_VIOLATION (0xc0000005) at pc=0x00007ff829e6da89]

GC Heap History (0 events):
No events

Dll operation events (1 events):
Event: 0.009 Loaded shared library C:\Program Files\Android\Android Studio\jbr\bin\java.dll

Deoptimization events (0 events):
No events

Classes unloaded (0 events):
No events

Classes redefined (0 events):
No events

Internal exceptions (0 events):
No events

VM Operations (0 events):
No events

Events (0 events):
No events


Dynamic libraries:
0x00007ff7cc620000 - 0x00007ff7cc62a000 	C:\Program Files\Android\Android Studio\jbr\bin\java.exe
0x00007ff85eff0000 - 0x00007ff85f1e8000 	C:\WINDOWS\SYSTEM32\ntdll.dll
0x00007ff85e420000 - 0x00007ff85e4dd000 	C:\WINDOWS\System32\KERNEL32.DLL
0x00007ff85ca90000 - 0x00007ff85cd86000 	C:\WINDOWS\System32\KERNELBASE.dll
0x00007ff85c6a0000 - 0x00007ff85c7a0000 	C:\WINDOWS\System32\ucrtbase.dll
0x00007ff84eb00000 - 0x00007ff84eb17000 	C:\Program Files\Android\Android Studio\jbr\bin\jli.dll
0x00007ff84dcc0000 - 0x00007ff84dcdb000 	C:\Program Files\Android\Android Studio\jbr\bin\VCRUNTIME140.dll
0x00007ff85d020000 - 0x00007ff85d1bf000 	C:\WINDOWS\System32\USER32.dll
0x00007ff85ce60000 - 0x00007ff85ce82000 	C:\WINDOWS\System32\win32u.dll
0x00007ff85d830000 - 0x00007ff85d85b000 	C:\WINDOWS\System32\GDI32.dll
0x00007ff83abc0000 - 0x00007ff83ae5a000 	C:\WINDOWS\WinSxS\amd64_microsoft.windows.common-controls_6595b64144ccf1df_6.0.19041.3636_none_60b6a03d71f818d5\COMCTL32.dll
0x00007ff85c970000 - 0x00007ff85ca87000 	C:\WINDOWS\System32\gdi32full.dll
0x00007ff85ed30000 - 0x00007ff85edce000 	C:\WINDOWS\System32\msvcrt.dll
0x00007ff85cdc0000 - 0x00007ff85ce5d000 	C:\WINDOWS\System32\msvcp_win.dll
0x00007ff85d2b0000 - 0x00007ff85d2e2000 	C:\WINDOWS\System32\IMM32.DLL
0x00007ff84ceb0000 - 0x00007ff84cebc000 	C:\Program Files\Android\Android Studio\jbr\bin\vcruntime140_1.dll
0x00007ff831700000 - 0x00007ff83178d000 	C:\Program Files\Android\Android Studio\jbr\bin\msvcp140.dll
0x00007ff829790000 - 0x00007ff82a3fe000 	C:\Program Files\Android\Android Studio\jbr\bin\server\jvm.dll
0x00007ff85da70000 - 0x00007ff85db20000 	C:\WINDOWS\System32\ADVAPI32.dll
0x00007ff85db20000 - 0x00007ff85dbc0000 	C:\WINDOWS\System32\sechost.dll
0x00007ff85dc20000 - 0x00007ff85dd43000 	C:\WINDOWS\System32\RPCRT4.dll
0x00007ff85cd90000 - 0x00007ff85cdb7000 	C:\WINDOWS\System32\bcrypt.dll
0x00007ff847f50000 - 0x00007ff847f59000 	C:\WINDOWS\SYSTEM32\WSOCK32.dll
0x00007ff85ef30000 - 0x00007ff85ef9b000 	C:\WINDOWS\System32\WS2_32.dll
0x00007ff854960000 - 0x00007ff85496a000 	C:\WINDOWS\SYSTEM32\VERSION.dll
0x00007ff8504a0000 - 0x00007ff8504c7000 	C:\WINDOWS\SYSTEM32\WINMM.dll
0x00007ff85a550000 - 0x00007ff85a562000 	C:\WINDOWS\SYSTEM32\kernel.appcore.dll
0x00007ff8582a0000 - 0x00007ff8582aa000 	C:\Program Files\Android\Android Studio\jbr\bin\jimage.dll
0x00007ff843430000 - 0x00007ff843614000 	C:\WINDOWS\SYSTEM32\DBGHELP.DLL
0x00007ff8433f0000 - 0x00007ff843424000 	C:\WINDOWS\SYSTEM32\dbgcore.DLL
0x00007ff85cf90000 - 0x00007ff85d012000 	C:\WINDOWS\System32\bcryptPrimitives.dll
0x00007ff858160000 - 0x00007ff858185000 	C:\Program Files\Android\Android Studio\jbr\bin\java.dll

dbghelp: loaded successfully - version: 4.0.5 - missing functions: none
symbol engine: initialized successfully - sym options: 0x614 - pdb path: .;C:\Program Files\Android\Android Studio\jbr\bin;C:\WINDOWS\SYSTEM32;C:\WINDOWS\WinSxS\amd64_microsoft.windows.common-controls_6595b64144ccf1df_6.0.19041.3636_none_60b6a03d71f818d5;C:\Program Files\Android\Android Studio\jbr\bin\server

VM Arguments:
java_command: git4idea.http.GitAskPassApp Username for 'https://github.com': 
java_class_path (initial): C:/Program Files/Android/Android Studio/plugins/vcs-git/lib/git4idea-rt.jar;C:/Program Files/Android/Android Studio/lib/externalProcess-rt.jar;C:/Program Files/Android/Android Studio/lib/app.jar;C:/Program Files/Android/Android Studio/lib/3rd-party-rt.jar
Launcher Type: SUN_STANDARD

[Global flags]
     intx CICompilerCount                          = 3                                         {product} {ergonomic}
     uint ConcGCThreads                            = 1                                         {product} {ergonomic}
     uint G1ConcRefinementThreads                  = 4                                         {product} {ergonomic}
   size_t G1HeapRegionSize                         = 1048576                                   {product} {ergonomic}
    uintx GCDrainStackTargetSize                   = 64                                        {product} {ergonomic}
   size_t InitialHeapSize                          = 134217728                                 {product} {ergonomic}
   size_t MarkStackSize                            = 4194304                                   {product} {ergonomic}
   size_t MaxHeapSize                              = 2139095040                                {product} {ergonomic}
   size_t MinHeapDeltaBytes                        = 1048576                                   {product} {ergonomic}
   size_t MinHeapSize                              = 8388608                                   {product} {ergonomic}
    uintx NonNMethodCodeHeapSize                   = 5832780                                {pd product} {ergonomic}
    uintx NonProfiledCodeHeapSize                  = 122912730                              {pd product} {ergonomic}
    uintx ProfiledCodeHeapSize                     = 122912730                              {pd product} {ergonomic}
    uintx ReservedCodeCacheSize                    = 251658240                              {pd product} {ergonomic}
     bool SegmentedCodeCache                       = true                                      {product} {ergonomic}
   size_t SoftMaxHeapSize                          = 2139095040                             {manageable} {ergonomic}
     bool UseCompressedClassPointers               = true                           {product lp64_product} {ergonomic}
     bool UseCompressedOops                        = true                           {product lp64_product} {ergonomic}
     bool UseG1GC                                  = true                                      {product} {ergonomic}
     bool UseLargePagesIndividualAllocation        = false                                  {pd product} {ergonomic}

Logging:
Log output configuration:
 #0: stdout all=warning uptime,level,tags
 #1: stderr all=off uptime,level,tags

Environment Variables:
PATH=C:/Program Files/Git/mingw64/libexec/git-core;C:/Program Files/Git/mingw64/libexec/git-core;C:\Program Files\Git\mingw64\bin;C:\Program Files\Git\usr\bin;C:\Users\optimor\bin;C:\Program Files\Common Files\Oracle\Java\javapath;C:\Program Files (x86)\Common Files\Intel\Shared Files\cpp\bin\Intel64;C:\Program Files (x86)\Common Files\Oracle\Java\javapath;C:\Program Files (x86)\Cuminas\Document Express DjVu Plug-in\;C:\WINDOWS\system32;C:\WINDOWS;C:\WINDOWS\System32\Wbem;C:\WINDOWS\System32\WindowsPowerShell\v1.0\;C:\WINDOWS\System32\OpenSSH\;C:\Program Files (x86)\ENCARD\;C:\Program Files\ENCARD\;C:\Program Files (x86)\Microsoft VS Code\bin;C:\Program Files (x86)\Brackets\command;C:\Program Files\MATLAB\R2022b\bin;C:\Program Files\nodejs\;C:\Program Files\Git\cmd;C:\Program Files\NVIDIA Corporation\Nsight Compute 2024.1.0\;C:\Users\optimor\AppData\Local\Microsoft\WindowsApps;C:\Users\optimor\AppData\Roaming\npm
USERNAME=optimor
DISPLAY=:0.0
LC_ALL=en_US.UTF-8
TERM=xterm-256color
TMPDIR=C:\Users\optimor\AppData\Local\Temp
OS=Windows_NT
PROCESSOR_IDENTIFIER=Intel64 Family 6 Model 158 Stepping 9, GenuineIntel
TMP=C:\Users\optimor\AppData\Local\Temp
TEMP=C:\Users\optimor\AppData\Local\Temp


JNI global refs:

[error occurred during error reporting (JNI global references), id 0xc0000005, EXCEPTION_ACCESS_VIOLATION (0xc0000005) at pc=0x00007ff829847a10]


---------------  S Y S T E M  ---------------

OS:
 Windows 10 , 64 bit Build 19041 (10.0.19041.3636)
OS uptime: 0 days 1:54 hours

CPU: total 4 (initial active 4) (4 cores per cpu, 1 threads per core) family 6 model 158 stepping 9 microcode 0xb4, cx8, cmov, fxsr, mmx, 3dnowpref, sse, sse2, sse3, ssse3, sse4.1, sse4.2, popcnt, lzcnt, tsc, tscinvbit, avx, avx2, aes, erms, clmul, bmi1, bmi2, adx, fma, vzeroupper, clflush, clflushopt

Memory: 4k page, system-wide physical 8157M (1061M free)
TotalPageFile size 17945M (AvailPageFile size 12M)
current process WorkingSet (physical memory assigned to process): 10M, peak: 10M
current process commit charge ("private bytes"): 52M, peak: 179M

vm_info: OpenJDK 64-Bit Server VM (17.0.6+0-b2043.56-10027231) for windows-amd64 JRE (17.0.6+0-b2043.56-10027231), built on Apr 28 2023 00:43:19 by "androidbuild" with MS VC++ 16.10 / 16.11 (VS2019)

END.
